ARM GAS  C:\Users\tre\AppData\Local\Temp\ccoYhkEs.s 			page 1


   1              		.cpu cortex-m3
   2              		.arch armv7-m
   3              		.fpu softvfp
   4              		.eabi_attribute 20, 1
   5              		.eabi_attribute 21, 1
   6              		.eabi_attribute 23, 3
   7              		.eabi_attribute 24, 1
   8              		.eabi_attribute 25, 1
   9              		.eabi_attribute 26, 1
  10              		.eabi_attribute 30, 1
  11              		.eabi_attribute 34, 1
  12              		.eabi_attribute 18, 4
  13              		.file	"freertos.c"
  14              		.text
  15              	.Ltext0:
  16              		.cfi_sections	.debug_frame
  17              		.section	.text.StartDefaultTask,"ax",%progbits
  18              		.align	1
  19              		.global	StartDefaultTask
  20              		.syntax unified
  21              		.thumb
  22              		.thumb_func
  24              	StartDefaultTask:
  25              	.LFB73:
  26              		.file 1 "Core/Src/freertos.c"
   1:Core/Src/freertos.c **** /* USER CODE BEGIN Header */
   2:Core/Src/freertos.c **** /**
   3:Core/Src/freertos.c ****   ******************************************************************************
   4:Core/Src/freertos.c ****   * File Name          : freertos.c
   5:Core/Src/freertos.c ****   * Description        : Code for freertos applications
   6:Core/Src/freertos.c ****   ******************************************************************************
   7:Core/Src/freertos.c ****   * @attention
   8:Core/Src/freertos.c ****   *
   9:Core/Src/freertos.c ****   * Copyright (c) 2024 STMicroelectronics.
  10:Core/Src/freertos.c ****   * All rights reserved.
  11:Core/Src/freertos.c ****   *
  12:Core/Src/freertos.c ****   * This software is licensed under terms that can be found in the LICENSE file
  13:Core/Src/freertos.c ****   * in the root directory of this software component.
  14:Core/Src/freertos.c ****   * If no LICENSE file comes with this software, it is provided AS-IS.
  15:Core/Src/freertos.c ****   *
  16:Core/Src/freertos.c ****   ******************************************************************************
  17:Core/Src/freertos.c ****   */
  18:Core/Src/freertos.c **** /* USER CODE END Header */
  19:Core/Src/freertos.c **** 
  20:Core/Src/freertos.c **** /* Includes ------------------------------------------------------------------*/
  21:Core/Src/freertos.c **** #include "FreeRTOS.h"
  22:Core/Src/freertos.c **** #include "task.h"
  23:Core/Src/freertos.c **** #include "main.h"
  24:Core/Src/freertos.c **** #include "cmsis_os.h"
  25:Core/Src/freertos.c **** 
  26:Core/Src/freertos.c **** /* Private includes ----------------------------------------------------------*/
  27:Core/Src/freertos.c **** /* USER CODE BEGIN Includes */
  28:Core/Src/freertos.c **** #include "motor.h"
  29:Core/Src/freertos.c **** #include "uart.h"
  30:Core/Src/freertos.c **** #include "servo.h"
  31:Core/Src/freertos.c **** /* USER CODE END Includes */
  32:Core/Src/freertos.c **** 
ARM GAS  C:\Users\tre\AppData\Local\Temp\ccoYhkEs.s 			page 2


  33:Core/Src/freertos.c **** /* Private typedef -----------------------------------------------------------*/
  34:Core/Src/freertos.c **** /* USER CODE BEGIN PTD */
  35:Core/Src/freertos.c **** 
  36:Core/Src/freertos.c **** /* USER CODE END PTD */
  37:Core/Src/freertos.c **** 
  38:Core/Src/freertos.c **** /* Private define ------------------------------------------------------------*/
  39:Core/Src/freertos.c **** /* USER CODE BEGIN PD */
  40:Core/Src/freertos.c **** 
  41:Core/Src/freertos.c **** /* USER CODE END PD */
  42:Core/Src/freertos.c **** 
  43:Core/Src/freertos.c **** /* Private macro -------------------------------------------------------------*/
  44:Core/Src/freertos.c **** /* USER CODE BEGIN PM */
  45:Core/Src/freertos.c **** 
  46:Core/Src/freertos.c **** /* USER CODE END PM */
  47:Core/Src/freertos.c **** 
  48:Core/Src/freertos.c **** /* Private variables ---------------------------------------------------------*/
  49:Core/Src/freertos.c **** /* USER CODE BEGIN Variables */
  50:Core/Src/freertos.c **** 
  51:Core/Src/freertos.c **** /* USER CODE END Variables */
  52:Core/Src/freertos.c **** /* Definitions for defaultTask */
  53:Core/Src/freertos.c **** osThreadId_t defaultTaskHandle;
  54:Core/Src/freertos.c **** const osThreadAttr_t defaultTask_attributes = {
  55:Core/Src/freertos.c ****   .name = "defaultTask",
  56:Core/Src/freertos.c ****   .stack_size = 128 * 4,
  57:Core/Src/freertos.c ****   .priority = (osPriority_t) osPriorityNormal,
  58:Core/Src/freertos.c **** };
  59:Core/Src/freertos.c **** 
  60:Core/Src/freertos.c **** /* Private function prototypes -----------------------------------------------*/
  61:Core/Src/freertos.c **** /* USER CODE BEGIN FunctionPrototypes */
  62:Core/Src/freertos.c **** 
  63:Core/Src/freertos.c **** /* USER CODE END FunctionPrototypes */
  64:Core/Src/freertos.c **** 
  65:Core/Src/freertos.c **** void StartDefaultTask(void *argument);
  66:Core/Src/freertos.c **** 
  67:Core/Src/freertos.c **** void MX_FREERTOS_Init(void); /* (MISRA C 2004 rule 8.1) */
  68:Core/Src/freertos.c **** 
  69:Core/Src/freertos.c **** /**
  70:Core/Src/freertos.c ****   * @brief  FreeRTOS initialization
  71:Core/Src/freertos.c ****   * @param  None
  72:Core/Src/freertos.c ****   * @retval None
  73:Core/Src/freertos.c ****   */
  74:Core/Src/freertos.c **** void MX_FREERTOS_Init(void) {
  75:Core/Src/freertos.c ****   /* USER CODE BEGIN Init */
  76:Core/Src/freertos.c ****   BaseType_t xReturn;
  77:Core/Src/freertos.c ****   /* USER CODE END Init */
  78:Core/Src/freertos.c **** 
  79:Core/Src/freertos.c ****   /* USER CODE BEGIN RTOS_MUTEX */
  80:Core/Src/freertos.c ****   /* add mutexes, ... */
  81:Core/Src/freertos.c **** 	UARTPRINTF_SemaphoreHandle = xSemaphoreCreateMutex();
  82:Core/Src/freertos.c ****   // SemaphoreHandle_t xMotorSemaphore[3];
  83:Core/Src/freertos.c ****   for(uint8_t i=0; i<3; i++)
  84:Core/Src/freertos.c ****   {
  85:Core/Src/freertos.c ****     xMotorSemaphore[i] = xSemaphoreCreateBinary();
  86:Core/Src/freertos.c ****     xSemaphoreGive(xMotorSemaphore[i]);
  87:Core/Src/freertos.c ****   }
  88:Core/Src/freertos.c ****   /* USER CODE END RTOS_MUTEX */
  89:Core/Src/freertos.c **** 
ARM GAS  C:\Users\tre\AppData\Local\Temp\ccoYhkEs.s 			page 3


  90:Core/Src/freertos.c ****   /* USER CODE BEGIN RTOS_SEMAPHORES */
  91:Core/Src/freertos.c ****   /* add semaphores, ... */
  92:Core/Src/freertos.c ****   /* USER CODE END RTOS_SEMAPHORES */
  93:Core/Src/freertos.c **** 
  94:Core/Src/freertos.c ****   /* USER CODE BEGIN RTOS_TIMERS */
  95:Core/Src/freertos.c ****   /* start timers, add new ones, ... */
  96:Core/Src/freertos.c **** 	 SpeedGetHandle = xTimerCreate(
  97:Core/Src/freertos.c **** 		"SpeedGet",
  98:Core/Src/freertos.c **** 		1,
  99:Core/Src/freertos.c **** 		pdTRUE,
 100:Core/Src/freertos.c **** 		0,
 101:Core/Src/freertos.c **** 		SpeedSetTimerFun
 102:Core/Src/freertos.c **** 	 );
 103:Core/Src/freertos.c **** 
 104:Core/Src/freertos.c **** 	 KeyTimerHandle = xTimerCreate(
 105:Core/Src/freertos.c **** 		"KeyTimer",
 106:Core/Src/freertos.c **** 		20,
 107:Core/Src/freertos.c **** 		pdTRUE,
 108:Core/Src/freertos.c **** 		0,
 109:Core/Src/freertos.c **** 		KeyTimerFunc
 110:Core/Src/freertos.c **** 	 );
 111:Core/Src/freertos.c **** 
 112:Core/Src/freertos.c **** // TimerHandle_t xOneShotTimer1;
 113:Core/Src/freertos.c **** // TimerHandle_t xOneShotTimer2;
 114:Core/Src/freertos.c **** // TimerHandle_t xOneShotTimer3;
 115:Core/Src/freertos.c ****   xOneShotTimer1 = xTimerCreate(
 116:Core/Src/freertos.c ****     "OneShotTimer1",
 117:Core/Src/freertos.c ****      pdMS_TO_TICKS(2000),
 118:Core/Src/freertos.c ****      pdFALSE,
 119:Core/Src/freertos.c ****      0,
 120:Core/Src/freertos.c ****      vONEShotTimerFunc1
 121:Core/Src/freertos.c ****   );
 122:Core/Src/freertos.c ****   xOneShotTimer2 = xTimerCreate(
 123:Core/Src/freertos.c ****     "OneShotTimer2",
 124:Core/Src/freertos.c ****      pdMS_TO_TICKS(2000),
 125:Core/Src/freertos.c ****      pdFALSE,
 126:Core/Src/freertos.c ****      0,
 127:Core/Src/freertos.c ****      vONEShotTimerFunc2
 128:Core/Src/freertos.c ****   );
 129:Core/Src/freertos.c ****   xOneShotTimer3 = xTimerCreate(
 130:Core/Src/freertos.c ****     "OneShotTimer3",
 131:Core/Src/freertos.c ****      pdMS_TO_TICKS(2000),
 132:Core/Src/freertos.c ****      pdFALSE,
 133:Core/Src/freertos.c ****      0,
 134:Core/Src/freertos.c ****      vONEShotTimerFunc3
 135:Core/Src/freertos.c ****   );
 136:Core/Src/freertos.c **** 
 137:Core/Src/freertos.c ****   /* USER CODE END RTOS_TIMERS */
 138:Core/Src/freertos.c **** 
 139:Core/Src/freertos.c ****   /* USER CODE BEGIN RTOS_QUEUES */
 140:Core/Src/freertos.c ****   /* add queues, ... */
 141:Core/Src/freertos.c ****   /* USER CODE END RTOS_QUEUES */
 142:Core/Src/freertos.c **** 
 143:Core/Src/freertos.c ****   /* Create the thread(s) */
 144:Core/Src/freertos.c ****   /* creation of defaultTask */
 145:Core/Src/freertos.c ****   defaultTaskHandle = osThreadNew(StartDefaultTask, NULL, &defaultTask_attributes);
 146:Core/Src/freertos.c **** 
ARM GAS  C:\Users\tre\AppData\Local\Temp\ccoYhkEs.s 			page 4


 147:Core/Src/freertos.c ****   /* USER CODE BEGIN RTOS_THREADS */
 148:Core/Src/freertos.c ****   /* add threads, ... */
 149:Core/Src/freertos.c ****   	xReturn = xTaskCreate(Motor_Task,"Motor",256,NULL,10,&MotorHandle);
 150:Core/Src/freertos.c **** 	if(xReturn != pdTRUE)
 151:Core/Src/freertos.c **** 	{
 152:Core/Src/freertos.c **** 		UartPrintf("Uart False!!!");
 153:Core/Src/freertos.c **** 	}
 154:Core/Src/freertos.c ****   	xReturn = xTaskCreate(Uart_Task,"Uart",512,NULL,10,&UartHandle);
 155:Core/Src/freertos.c **** 	if(xReturn != pdTRUE)
 156:Core/Src/freertos.c **** 	{
 157:Core/Src/freertos.c **** 		UartPrintf("Uart False!!!");
 158:Core/Src/freertos.c **** 	}
 159:Core/Src/freertos.c ****   	xReturn = xTaskCreate(Servo_Task,"SERVO",256,NULL,10,&ServoHandle);
 160:Core/Src/freertos.c **** 	if(xReturn != pdTRUE)
 161:Core/Src/freertos.c **** 	{
 162:Core/Src/freertos.c **** 		UartPrintf("Uart False!!!");
 163:Core/Src/freertos.c **** 	}
 164:Core/Src/freertos.c ****   /* USER CODE END RTOS_THREADS */
 165:Core/Src/freertos.c **** 
 166:Core/Src/freertos.c ****   /* USER CODE BEGIN RTOS_EVENTS */
 167:Core/Src/freertos.c ****   /* add events, ... */
 168:Core/Src/freertos.c ****   /* USER CODE END RTOS_EVENTS */
 169:Core/Src/freertos.c **** 
 170:Core/Src/freertos.c **** }
 171:Core/Src/freertos.c **** 
 172:Core/Src/freertos.c **** /* USER CODE BEGIN Header_StartDefaultTask */
 173:Core/Src/freertos.c **** /**
 174:Core/Src/freertos.c ****   * @brief  Function implementing the defaultTask thread.
 175:Core/Src/freertos.c ****   * @param  argument: Not used
 176:Core/Src/freertos.c ****   * @retval None
 177:Core/Src/freertos.c ****   */
 178:Core/Src/freertos.c **** /* USER CODE END Header_StartDefaultTask */
 179:Core/Src/freertos.c **** void StartDefaultTask(void *argument)
 180:Core/Src/freertos.c **** {
  27              		.loc 1 180 1 view -0
  28              		.cfi_startproc
  29              		@ Volatile: function does not return.
  30              		@ args = 0, pretend = 0, frame = 0
  31              		@ frame_needed = 0, uses_anonymous_args = 0
  32              	.LVL0:
  33              		.loc 1 180 1 is_stmt 0 view .LVU1
  34 0000 08B5     		push	{r3, lr}
  35              	.LCFI0:
  36              		.cfi_def_cfa_offset 8
  37              		.cfi_offset 3, -8
  38              		.cfi_offset 14, -4
  39              	.LVL1:
  40              	.L2:
 181:Core/Src/freertos.c ****   /* USER CODE BEGIN StartDefaultTask */
 182:Core/Src/freertos.c ****   /* Infinite loop */
 183:Core/Src/freertos.c ****   for(;;)
  41              		.loc 1 183 3 is_stmt 1 discriminator 1 view .LVU2
 184:Core/Src/freertos.c ****   {
 185:Core/Src/freertos.c ****     osDelay(1);
  42              		.loc 1 185 5 discriminator 1 view .LVU3
  43 0002 0120     		movs	r0, #1
  44 0004 FFF7FEFF 		bl	osDelay
ARM GAS  C:\Users\tre\AppData\Local\Temp\ccoYhkEs.s 			page 5


  45              	.LVL2:
 183:Core/Src/freertos.c ****   {
  46              		.loc 1 183 8 discriminator 1 view .LVU4
  47 0008 FBE7     		b	.L2
  48              		.cfi_endproc
  49              	.LFE73:
  51              		.section	.rodata.MX_FREERTOS_Init.str1.4,"aMS",%progbits,1
  52              		.align	2
  53              	.LC0:
  54 0000 53706565 		.ascii	"SpeedGet\000"
  54      64476574 
  54      00
  55 0009 000000   		.align	2
  56              	.LC1:
  57 000c 4B657954 		.ascii	"KeyTimer\000"
  57      696D6572 
  57      00
  58 0015 000000   		.align	2
  59              	.LC2:
  60 0018 4F6E6553 		.ascii	"OneShotTimer1\000"
  60      686F7454 
  60      696D6572 
  60      3100
  61 0026 0000     		.align	2
  62              	.LC3:
  63 0028 4F6E6553 		.ascii	"OneShotTimer2\000"
  63      686F7454 
  63      696D6572 
  63      3200
  64 0036 0000     		.align	2
  65              	.LC4:
  66 0038 4F6E6553 		.ascii	"OneShotTimer3\000"
  66      686F7454 
  66      696D6572 
  66      3300
  67 0046 0000     		.align	2
  68              	.LC5:
  69 0048 4D6F746F 		.ascii	"Motor\000"
  69      7200
  70 004e 0000     		.align	2
  71              	.LC6:
  72 0050 55617274 		.ascii	"Uart False!!!\000"
  72      2046616C 
  72      73652121 
  72      2100
  73 005e 0000     		.align	2
  74              	.LC7:
  75 0060 55617274 		.ascii	"Uart\000"
  75      00
  76 0065 000000   		.align	2
  77              	.LC8:
  78 0068 53455256 		.ascii	"SERVO\000"
  78      4F00
  79              		.section	.text.MX_FREERTOS_Init,"ax",%progbits
  80              		.align	1
  81              		.global	MX_FREERTOS_Init
  82              		.syntax unified
ARM GAS  C:\Users\tre\AppData\Local\Temp\ccoYhkEs.s 			page 6


  83              		.thumb
  84              		.thumb_func
  86              	MX_FREERTOS_Init:
  87              	.LFB72:
  74:Core/Src/freertos.c ****   /* USER CODE BEGIN Init */
  88              		.loc 1 74 29 view -0
  89              		.cfi_startproc
  90              		@ args = 0, pretend = 0, frame = 0
  91              		@ frame_needed = 0, uses_anonymous_args = 0
  92 0000 10B5     		push	{r4, lr}
  93              	.LCFI1:
  94              		.cfi_def_cfa_offset 8
  95              		.cfi_offset 4, -8
  96              		.cfi_offset 14, -4
  97 0002 82B0     		sub	sp, sp, #8
  98              	.LCFI2:
  99              		.cfi_def_cfa_offset 16
  76:Core/Src/freertos.c ****   /* USER CODE END Init */
 100              		.loc 1 76 3 view .LVU6
  81:Core/Src/freertos.c ****   // SemaphoreHandle_t xMotorSemaphore[3];
 101              		.loc 1 81 2 view .LVU7
  81:Core/Src/freertos.c ****   // SemaphoreHandle_t xMotorSemaphore[3];
 102              		.loc 1 81 31 is_stmt 0 view .LVU8
 103 0004 0120     		movs	r0, #1
 104 0006 FFF7FEFF 		bl	xQueueCreateMutex
 105              	.LVL3:
  81:Core/Src/freertos.c ****   // SemaphoreHandle_t xMotorSemaphore[3];
 106              		.loc 1 81 29 view .LVU9
 107 000a 434B     		ldr	r3, .L14
 108 000c 1860     		str	r0, [r3]
  83:Core/Src/freertos.c ****   {
 109              		.loc 1 83 3 is_stmt 1 view .LVU10
 110              	.LBB2:
  83:Core/Src/freertos.c ****   {
 111              		.loc 1 83 7 view .LVU11
 112              	.LVL4:
  83:Core/Src/freertos.c ****   {
 113              		.loc 1 83 15 is_stmt 0 view .LVU12
 114 000e 0024     		movs	r4, #0
  83:Core/Src/freertos.c ****   {
 115              		.loc 1 83 3 view .LVU13
 116 0010 0EE0     		b	.L5
 117              	.LVL5:
 118              	.L6:
  85:Core/Src/freertos.c ****     xSemaphoreGive(xMotorSemaphore[i]);
 119              		.loc 1 85 5 is_stmt 1 discriminator 3 view .LVU14
  85:Core/Src/freertos.c ****     xSemaphoreGive(xMotorSemaphore[i]);
 120              		.loc 1 85 26 is_stmt 0 discriminator 3 view .LVU15
 121 0012 0322     		movs	r2, #3
 122 0014 0021     		movs	r1, #0
 123 0016 0120     		movs	r0, #1
 124 0018 FFF7FEFF 		bl	xQueueGenericCreate
 125              	.LVL6:
  85:Core/Src/freertos.c ****     xSemaphoreGive(xMotorSemaphore[i]);
 126              		.loc 1 85 24 discriminator 3 view .LVU16
 127 001c 3F4B     		ldr	r3, .L14+4
 128 001e 43F82400 		str	r0, [r3, r4, lsl #2]
ARM GAS  C:\Users\tre\AppData\Local\Temp\ccoYhkEs.s 			page 7


  86:Core/Src/freertos.c ****   }
 129              		.loc 1 86 5 is_stmt 1 discriminator 3 view .LVU17
 130 0022 0023     		movs	r3, #0
 131 0024 1A46     		mov	r2, r3
 132 0026 1946     		mov	r1, r3
 133 0028 FFF7FEFF 		bl	xQueueGenericSend
 134              	.LVL7:
  83:Core/Src/freertos.c ****   {
 135              		.loc 1 83 25 discriminator 3 view .LVU18
  83:Core/Src/freertos.c ****   {
 136              		.loc 1 83 26 is_stmt 0 discriminator 3 view .LVU19
 137 002c 0134     		adds	r4, r4, #1
 138              	.LVL8:
  83:Core/Src/freertos.c ****   {
 139              		.loc 1 83 26 discriminator 3 view .LVU20
 140 002e E4B2     		uxtb	r4, r4
 141              	.LVL9:
 142              	.L5:
  83:Core/Src/freertos.c ****   {
 143              		.loc 1 83 20 is_stmt 1 discriminator 1 view .LVU21
  83:Core/Src/freertos.c ****   {
 144              		.loc 1 83 3 is_stmt 0 discriminator 1 view .LVU22
 145 0030 022C     		cmp	r4, #2
 146 0032 EED9     		bls	.L6
 147              	.LBE2:
  96:Core/Src/freertos.c **** 		"SpeedGet",
 148              		.loc 1 96 3 is_stmt 1 view .LVU23
  96:Core/Src/freertos.c **** 		"SpeedGet",
 149              		.loc 1 96 20 is_stmt 0 view .LVU24
 150 0034 3A4B     		ldr	r3, .L14+8
 151 0036 0093     		str	r3, [sp]
 152 0038 0023     		movs	r3, #0
 153 003a 0122     		movs	r2, #1
 154 003c 1146     		mov	r1, r2
 155 003e 3948     		ldr	r0, .L14+12
 156 0040 FFF7FEFF 		bl	xTimerCreate
 157              	.LVL10:
  96:Core/Src/freertos.c **** 		"SpeedGet",
 158              		.loc 1 96 18 view .LVU25
 159 0044 384B     		ldr	r3, .L14+16
 160 0046 1860     		str	r0, [r3]
 104:Core/Src/freertos.c **** 		"KeyTimer",
 161              		.loc 1 104 3 is_stmt 1 view .LVU26
 104:Core/Src/freertos.c **** 		"KeyTimer",
 162              		.loc 1 104 20 is_stmt 0 view .LVU27
 163 0048 384B     		ldr	r3, .L14+20
 164 004a 0093     		str	r3, [sp]
 165 004c 0023     		movs	r3, #0
 166 004e 0122     		movs	r2, #1
 167 0050 1421     		movs	r1, #20
 168 0052 3748     		ldr	r0, .L14+24
 169 0054 FFF7FEFF 		bl	xTimerCreate
 170              	.LVL11:
 104:Core/Src/freertos.c **** 		"KeyTimer",
 171              		.loc 1 104 18 view .LVU28
 172 0058 364B     		ldr	r3, .L14+28
 173 005a 1860     		str	r0, [r3]
ARM GAS  C:\Users\tre\AppData\Local\Temp\ccoYhkEs.s 			page 8


 115:Core/Src/freertos.c ****     "OneShotTimer1",
 174              		.loc 1 115 3 is_stmt 1 view .LVU29
 115:Core/Src/freertos.c ****     "OneShotTimer1",
 175              		.loc 1 115 20 is_stmt 0 view .LVU30
 176 005c 364B     		ldr	r3, .L14+32
 177 005e 0093     		str	r3, [sp]
 178 0060 0023     		movs	r3, #0
 179 0062 1A46     		mov	r2, r3
 180 0064 4FF4FA61 		mov	r1, #2000
 181 0068 3448     		ldr	r0, .L14+36
 182 006a FFF7FEFF 		bl	xTimerCreate
 183              	.LVL12:
 115:Core/Src/freertos.c ****     "OneShotTimer1",
 184              		.loc 1 115 18 view .LVU31
 185 006e 344B     		ldr	r3, .L14+40
 186 0070 1860     		str	r0, [r3]
 122:Core/Src/freertos.c ****     "OneShotTimer2",
 187              		.loc 1 122 3 is_stmt 1 view .LVU32
 122:Core/Src/freertos.c ****     "OneShotTimer2",
 188              		.loc 1 122 20 is_stmt 0 view .LVU33
 189 0072 344B     		ldr	r3, .L14+44
 190 0074 0093     		str	r3, [sp]
 191 0076 0023     		movs	r3, #0
 192 0078 1A46     		mov	r2, r3
 193 007a 4FF4FA61 		mov	r1, #2000
 194 007e 3248     		ldr	r0, .L14+48
 195 0080 FFF7FEFF 		bl	xTimerCreate
 196              	.LVL13:
 122:Core/Src/freertos.c ****     "OneShotTimer2",
 197              		.loc 1 122 18 view .LVU34
 198 0084 314B     		ldr	r3, .L14+52
 199 0086 1860     		str	r0, [r3]
 129:Core/Src/freertos.c ****     "OneShotTimer3",
 200              		.loc 1 129 3 is_stmt 1 view .LVU35
 129:Core/Src/freertos.c ****     "OneShotTimer3",
 201              		.loc 1 129 20 is_stmt 0 view .LVU36
 202 0088 314B     		ldr	r3, .L14+56
 203 008a 0093     		str	r3, [sp]
 204 008c 0023     		movs	r3, #0
 205 008e 1A46     		mov	r2, r3
 206 0090 4FF4FA61 		mov	r1, #2000
 207 0094 2F48     		ldr	r0, .L14+60
 208 0096 FFF7FEFF 		bl	xTimerCreate
 209              	.LVL14:
 129:Core/Src/freertos.c ****     "OneShotTimer3",
 210              		.loc 1 129 18 view .LVU37
 211 009a 2F4B     		ldr	r3, .L14+64
 212 009c 1860     		str	r0, [r3]
 145:Core/Src/freertos.c **** 
 213              		.loc 1 145 3 is_stmt 1 view .LVU38
 145:Core/Src/freertos.c **** 
 214              		.loc 1 145 23 is_stmt 0 view .LVU39
 215 009e 2F4A     		ldr	r2, .L14+68
 216 00a0 0021     		movs	r1, #0
 217 00a2 2F48     		ldr	r0, .L14+72
 218 00a4 FFF7FEFF 		bl	osThreadNew
 219              	.LVL15:
ARM GAS  C:\Users\tre\AppData\Local\Temp\ccoYhkEs.s 			page 9


 145:Core/Src/freertos.c **** 
 220              		.loc 1 145 21 view .LVU40
 221 00a8 2E4B     		ldr	r3, .L14+76
 222 00aa 1860     		str	r0, [r3]
 149:Core/Src/freertos.c **** 	if(xReturn != pdTRUE)
 223              		.loc 1 149 4 is_stmt 1 view .LVU41
 149:Core/Src/freertos.c **** 	if(xReturn != pdTRUE)
 224              		.loc 1 149 14 is_stmt 0 view .LVU42
 225 00ac 2E4B     		ldr	r3, .L14+80
 226 00ae 0193     		str	r3, [sp, #4]
 227 00b0 0A23     		movs	r3, #10
 228 00b2 0093     		str	r3, [sp]
 229 00b4 0023     		movs	r3, #0
 230 00b6 4FF48072 		mov	r2, #256
 231 00ba 2C49     		ldr	r1, .L14+84
 232 00bc 2C48     		ldr	r0, .L14+88
 233 00be FFF7FEFF 		bl	xTaskCreate
 234              	.LVL16:
 150:Core/Src/freertos.c **** 	{
 235              		.loc 1 150 2 is_stmt 1 view .LVU43
 150:Core/Src/freertos.c **** 	{
 236              		.loc 1 150 4 is_stmt 0 view .LVU44
 237 00c2 0128     		cmp	r0, #1
 238 00c4 1BD1     		bne	.L11
 239              	.LVL17:
 240              	.L7:
 154:Core/Src/freertos.c **** 	if(xReturn != pdTRUE)
 241              		.loc 1 154 4 is_stmt 1 view .LVU45
 154:Core/Src/freertos.c **** 	if(xReturn != pdTRUE)
 242              		.loc 1 154 14 is_stmt 0 view .LVU46
 243 00c6 2B4B     		ldr	r3, .L14+92
 244 00c8 0193     		str	r3, [sp, #4]
 245 00ca 0A23     		movs	r3, #10
 246 00cc 0093     		str	r3, [sp]
 247 00ce 0023     		movs	r3, #0
 248 00d0 4FF40072 		mov	r2, #512
 249 00d4 2849     		ldr	r1, .L14+96
 250 00d6 2948     		ldr	r0, .L14+100
 251 00d8 FFF7FEFF 		bl	xTaskCreate
 252              	.LVL18:
 155:Core/Src/freertos.c **** 	{
 253              		.loc 1 155 2 is_stmt 1 view .LVU47
 155:Core/Src/freertos.c **** 	{
 254              		.loc 1 155 4 is_stmt 0 view .LVU48
 255 00dc 0128     		cmp	r0, #1
 256 00de 12D1     		bne	.L12
 257              	.LVL19:
 258              	.L8:
 159:Core/Src/freertos.c **** 	if(xReturn != pdTRUE)
 259              		.loc 1 159 4 is_stmt 1 view .LVU49
 159:Core/Src/freertos.c **** 	if(xReturn != pdTRUE)
 260              		.loc 1 159 14 is_stmt 0 view .LVU50
 261 00e0 274B     		ldr	r3, .L14+104
 262 00e2 0193     		str	r3, [sp, #4]
 263 00e4 0A23     		movs	r3, #10
 264 00e6 0093     		str	r3, [sp]
 265 00e8 0023     		movs	r3, #0
ARM GAS  C:\Users\tre\AppData\Local\Temp\ccoYhkEs.s 			page 10


 266 00ea 4FF48072 		mov	r2, #256
 267 00ee 2549     		ldr	r1, .L14+108
 268 00f0 2548     		ldr	r0, .L14+112
 269 00f2 FFF7FEFF 		bl	xTaskCreate
 270              	.LVL20:
 160:Core/Src/freertos.c **** 	{
 271              		.loc 1 160 2 is_stmt 1 view .LVU51
 160:Core/Src/freertos.c **** 	{
 272              		.loc 1 160 4 is_stmt 0 view .LVU52
 273 00f6 0128     		cmp	r0, #1
 274 00f8 09D1     		bne	.L13
 275              	.LVL21:
 276              	.L4:
 170:Core/Src/freertos.c **** 
 277              		.loc 1 170 1 view .LVU53
 278 00fa 02B0     		add	sp, sp, #8
 279              	.LCFI3:
 280              		.cfi_remember_state
 281              		.cfi_def_cfa_offset 8
 282              		@ sp needed
 283 00fc 10BD     		pop	{r4, pc}
 284              	.LVL22:
 285              	.L11:
 286              	.LCFI4:
 287              		.cfi_restore_state
 152:Core/Src/freertos.c **** 	}
 288              		.loc 1 152 3 is_stmt 1 view .LVU54
 289 00fe 2348     		ldr	r0, .L14+116
 290              	.LVL23:
 152:Core/Src/freertos.c **** 	}
 291              		.loc 1 152 3 is_stmt 0 view .LVU55
 292 0100 FFF7FEFF 		bl	UartPrintf
 293              	.LVL24:
 294 0104 DFE7     		b	.L7
 295              	.LVL25:
 296              	.L12:
 157:Core/Src/freertos.c **** 	}
 297              		.loc 1 157 3 is_stmt 1 view .LVU56
 298 0106 2148     		ldr	r0, .L14+116
 299              	.LVL26:
 157:Core/Src/freertos.c **** 	}
 300              		.loc 1 157 3 is_stmt 0 view .LVU57
 301 0108 FFF7FEFF 		bl	UartPrintf
 302              	.LVL27:
 303 010c E8E7     		b	.L8
 304              	.LVL28:
 305              	.L13:
 162:Core/Src/freertos.c **** 	}
 306              		.loc 1 162 3 is_stmt 1 view .LVU58
 307 010e 1F48     		ldr	r0, .L14+116
 308              	.LVL29:
 162:Core/Src/freertos.c **** 	}
 309              		.loc 1 162 3 is_stmt 0 view .LVU59
 310 0110 FFF7FEFF 		bl	UartPrintf
 311              	.LVL30:
 170:Core/Src/freertos.c **** 
 312              		.loc 1 170 1 view .LVU60
ARM GAS  C:\Users\tre\AppData\Local\Temp\ccoYhkEs.s 			page 11


 313 0114 F1E7     		b	.L4
 314              	.L15:
 315 0116 00BF     		.align	2
 316              	.L14:
 317 0118 00000000 		.word	UARTPRINTF_SemaphoreHandle
 318 011c 00000000 		.word	xMotorSemaphore
 319 0120 00000000 		.word	SpeedSetTimerFun
 320 0124 00000000 		.word	.LC0
 321 0128 00000000 		.word	SpeedGetHandle
 322 012c 00000000 		.word	KeyTimerFunc
 323 0130 0C000000 		.word	.LC1
 324 0134 00000000 		.word	KeyTimerHandle
 325 0138 00000000 		.word	vONEShotTimerFunc1
 326 013c 18000000 		.word	.LC2
 327 0140 00000000 		.word	xOneShotTimer1
 328 0144 00000000 		.word	vONEShotTimerFunc2
 329 0148 28000000 		.word	.LC3
 330 014c 00000000 		.word	xOneShotTimer2
 331 0150 00000000 		.word	vONEShotTimerFunc3
 332 0154 38000000 		.word	.LC4
 333 0158 00000000 		.word	xOneShotTimer3
 334 015c 00000000 		.word	.LANCHOR0
 335 0160 00000000 		.word	StartDefaultTask
 336 0164 00000000 		.word	.LANCHOR1
 337 0168 00000000 		.word	MotorHandle
 338 016c 48000000 		.word	.LC5
 339 0170 00000000 		.word	Motor_Task
 340 0174 00000000 		.word	UartHandle
 341 0178 60000000 		.word	.LC7
 342 017c 00000000 		.word	Uart_Task
 343 0180 00000000 		.word	ServoHandle
 344 0184 68000000 		.word	.LC8
 345 0188 00000000 		.word	Servo_Task
 346 018c 50000000 		.word	.LC6
 347              		.cfi_endproc
 348              	.LFE72:
 350              		.global	defaultTask_attributes
 351              		.section	.rodata.str1.4,"aMS",%progbits,1
 352              		.align	2
 353              	.LC9:
 354 0000 64656661 		.ascii	"defaultTask\000"
 354      756C7454 
 354      61736B00 
 355              		.global	defaultTaskHandle
 356              		.section	.bss.defaultTaskHandle,"aw",%nobits
 357              		.align	2
 358              		.set	.LANCHOR1,. + 0
 361              	defaultTaskHandle:
 362 0000 00000000 		.space	4
 363              		.section	.rodata.defaultTask_attributes,"a"
 364              		.align	2
 365              		.set	.LANCHOR0,. + 0
 368              	defaultTask_attributes:
 369 0000 00000000 		.word	.LC9
 370 0004 00000000 		.space	16
 370      00000000 
 370      00000000 
ARM GAS  C:\Users\tre\AppData\Local\Temp\ccoYhkEs.s 			page 12


 370      00000000 
 371 0014 00020000 		.word	512
 372 0018 18000000 		.word	24
 373 001c 00000000 		.space	8
 373      00000000 
 374              		.text
 375              	.Letext0:
 376              		.file 2 "d:\\program files (x86)\\gnu arm embedded toolchain\\10 2021.10\\arm-none-eabi\\include\\
 377              		.file 3 "d:\\program files (x86)\\gnu arm embedded toolchain\\10 2021.10\\arm-none-eabi\\include\\
 378              		.file 4 "Middlewares/Third_Party/FreeRTOS/Source/portable/GCC/ARM_CM3/portmacro.h"
 379              		.file 5 "Middlewares/Third_Party/FreeRTOS/Source/include/task.h"
 380              		.file 6 "Middlewares/Third_Party/FreeRTOS/Source/CMSIS_RTOS_V2/cmsis_os2.h"
 381              		.file 7 "Middlewares/Third_Party/FreeRTOS/Source/include/queue.h"
 382              		.file 8 "Middlewares/Third_Party/FreeRTOS/Source/include/semphr.h"
 383              		.file 9 "Middlewares/Third_Party/FreeRTOS/Source/include/timers.h"
 384              		.file 10 "BSP/motor.h"
 385              		.file 11 "BSP/uart.h"
 386              		.file 12 "BSP/servo.h"
ARM GAS  C:\Users\tre\AppData\Local\Temp\ccoYhkEs.s 			page 13


DEFINED SYMBOLS
                            *ABS*:00000000 freertos.c
C:\Users\tre\AppData\Local\Temp\ccoYhkEs.s:18     .text.StartDefaultTask:00000000 $t
C:\Users\tre\AppData\Local\Temp\ccoYhkEs.s:24     .text.StartDefaultTask:00000000 StartDefaultTask
C:\Users\tre\AppData\Local\Temp\ccoYhkEs.s:52     .rodata.MX_FREERTOS_Init.str1.4:00000000 $d
C:\Users\tre\AppData\Local\Temp\ccoYhkEs.s:80     .text.MX_FREERTOS_Init:00000000 $t
C:\Users\tre\AppData\Local\Temp\ccoYhkEs.s:86     .text.MX_FREERTOS_Init:00000000 MX_FREERTOS_Init
C:\Users\tre\AppData\Local\Temp\ccoYhkEs.s:317    .text.MX_FREERTOS_Init:00000118 $d
C:\Users\tre\AppData\Local\Temp\ccoYhkEs.s:368    .rodata.defaultTask_attributes:00000000 defaultTask_attributes
C:\Users\tre\AppData\Local\Temp\ccoYhkEs.s:352    .rodata.str1.4:00000000 $d
C:\Users\tre\AppData\Local\Temp\ccoYhkEs.s:361    .bss.defaultTaskHandle:00000000 defaultTaskHandle
C:\Users\tre\AppData\Local\Temp\ccoYhkEs.s:357    .bss.defaultTaskHandle:00000000 $d
C:\Users\tre\AppData\Local\Temp\ccoYhkEs.s:364    .rodata.defaultTask_attributes:00000000 $d

UNDEFINED SYMBOLS
osDelay
xQueueCreateMutex
xQueueGenericCreate
xQueueGenericSend
xTimerCreate
osThreadNew
xTaskCreate
UartPrintf
UARTPRINTF_SemaphoreHandle
xMotorSemaphore
SpeedSetTimerFun
SpeedGetHandle
KeyTimerFunc
KeyTimerHandle
vONEShotTimerFunc1
xOneShotTimer1
vONEShotTimerFunc2
xOneShotTimer2
vONEShotTimerFunc3
xOneShotTimer3
MotorHandle
Motor_Task
UartHandle
Uart_Task
ServoHandle
Servo_Task
